results/Connecting to host 10.0.0.3, port 5201
[  4] local 10.0.0.2 port 59058 connected to 10.0.0.3 port 5201
[ ID] Interval           Transfer     Bandwidth       Retr  Cwnd
[  4]   0.00-1.00   sec  12.3 MBytes   103 Mbits/sec    0    164 KBytes       
[  4]   1.00-2.00   sec  10.9 MBytes  91.2 Mbits/sec    0    164 KBytes       
[  4]   2.00-3.00   sec  11.1 MBytes  93.3 Mbits/sec    0    164 KBytes       
[  4]   3.00-4.00   sec  11.1 MBytes  93.3 Mbits/sec    0    164 KBytes       
[  4]   4.00-5.00   sec  11.2 MBytes  93.8 Mbits/sec    0    164 KBytes       
[  4]   5.00-6.00   sec  11.2 MBytes  93.8 Mbits/sec    0    164 KBytes       
[  4]   6.00-7.00   sec  11.2 MBytes  94.4 Mbits/sec    0    164 KBytes       
[  4]   7.00-8.00   sec  11.4 MBytes  95.9 Mbits/sec    0    164 KBytes       
[  4]   8.00-9.00   sec  11.4 MBytes  95.4 Mbits/sec    0    164 KBytes       
[  4]   9.00-10.00  sec  11.4 MBytes  95.9 Mbits/sec    0    164 KBytes       
- - - - - - - - - - - - - - - - - - - - - - - - -
[ ID] Interval           Transfer     Bandwidth       Retr
[  4]   0.00-10.00  sec   113 MBytes  95.0 Mbits/sec    0             sender
[  4]   0.00-10.00  sec   112 MBytes  94.2 Mbits/sec                  receiver

iperf Done.
results/Connecting to host 10.0.0.3, port 5201
[  4] local 10.0.0.2 port 59266 connected to 10.0.0.3 port 5201
[ ID] Interval           Transfer     Bandwidth       Retr  Cwnd
[  4]   0.00-1.00   sec  11.5 MBytes  96.6 Mbits/sec    0    129 KBytes       
[  4]   1.00-2.00   sec  11.6 MBytes  97.2 Mbits/sec    0    163 KBytes       
[  4]   2.00-3.00   sec  11.4 MBytes  95.4 Mbits/sec    0    163 KBytes       
[  4]   3.00-4.00   sec  11.4 MBytes  95.9 Mbits/sec    0    163 KBytes       
[  4]   4.00-5.00   sec  11.2 MBytes  94.4 Mbits/sec    0    163 KBytes       
[  4]   5.00-6.00   sec  11.4 MBytes  95.9 Mbits/sec    0    163 KBytes       
[  4]   6.00-7.00   sec  11.3 MBytes  94.9 Mbits/sec    0    163 KBytes       
[  4]   7.00-8.00   sec  11.4 MBytes  95.9 Mbits/sec    0    163 KBytes       
[  4]   8.00-9.00   sec  11.4 MBytes  95.4 Mbits/sec    0    163 KBytes       
[  4]   9.00-10.00  sec  11.4 MBytes  95.9 Mbits/sec    0    163 KBytes       
- - - - - - - - - - - - - - - - - - - - - - - - -
[ ID] Interval           Transfer     Bandwidth       Retr
[  4]   0.00-10.00  sec   114 MBytes  95.7 Mbits/sec    0             sender
[  4]   0.00-10.00  sec   113 MBytes  95.0 Mbits/sec                  receiver

iperf Done.
results/iperf3: error - unable to connect to server: Connection timed out
results/iperf3: error - unable to connect to server: Connection timed out
results/iperf3: error - unable to connect to server: Connection timed out
