results/Connecting to host 10.1.0.3, port 5201
[  4] local 10.2.1.3 port 48322 connected to 10.1.0.3 port 5201
[ ID] Interval           Transfer     Bandwidth       Retr  Cwnd
[  4]   0.00-1.00   sec  12.2 MBytes   102 Mbits/sec    0    130 KBytes       
[  4]   1.00-2.00   sec  11.0 MBytes  92.3 Mbits/sec    0    136 KBytes       
[  4]   2.00-3.00   sec  11.4 MBytes  95.4 Mbits/sec    0    136 KBytes       
[  4]   3.00-4.00   sec  11.4 MBytes  95.6 Mbits/sec    0    136 KBytes       
[  4]   4.00-5.00   sec  11.4 MBytes  95.4 Mbits/sec    0    136 KBytes       
[  4]   5.00-6.00   sec  11.4 MBytes  95.9 Mbits/sec    0    136 KBytes       
[  4]   6.00-7.00   sec  11.4 MBytes  95.9 Mbits/sec    0    136 KBytes       
[  4]   7.00-8.00   sec  11.4 MBytes  95.6 Mbits/sec    0    136 KBytes       
[  4]   8.00-9.00   sec  11.3 MBytes  94.9 Mbits/sec    0    136 KBytes       
[  4]   9.00-10.00  sec  11.1 MBytes  93.0 Mbits/sec    0    170 KBytes       
- - - - - - - - - - - - - - - - - - - - - - - - -
[ ID] Interval           Transfer     Bandwidth       Retr
[  4]   0.00-10.00  sec   114 MBytes  95.6 Mbits/sec    0             sender
[  4]   0.00-10.00  sec   113 MBytes  94.9 Mbits/sec                  receiver

iperf Done.
results/Connecting to host 10.1.0.3, port 5201
iperf3: error - unable to connect stream: Connection timed out
results/iperf3: error - unable to connect to server: Connection timed out
