results/Connecting to host 10.1.0.2, port 5201
[  4] local 10.3.0.2 port 35866 connected to 10.1.0.2 port 5201
[ ID] Interval           Transfer     Bandwidth       Retr  Cwnd
[  4]   0.00-1.00   sec  12.1 MBytes   101 Mbits/sec    0    130 KBytes       
[  4]   1.00-2.00   sec  11.4 MBytes  95.9 Mbits/sec    0    130 KBytes       
[  4]   2.00-3.00   sec  11.4 MBytes  95.4 Mbits/sec    0    130 KBytes       
[  4]   3.00-4.03   sec  11.7 MBytes  95.6 Mbits/sec    0    130 KBytes       
[  4]   4.03-5.03   sec  11.4 MBytes  95.4 Mbits/sec    0    130 KBytes       
[  4]   5.03-6.00   sec  11.1 MBytes  95.7 Mbits/sec    0    130 KBytes       
[  4]   6.00-7.00   sec  11.4 MBytes  95.9 Mbits/sec    0    130 KBytes       
[  4]   7.00-8.00   sec  11.4 MBytes  95.4 Mbits/sec    0    130 KBytes       
[  4]   8.00-9.00   sec  11.4 MBytes  95.4 Mbits/sec    0    130 KBytes       
[  4]   9.00-10.00  sec  11.4 MBytes  96.0 Mbits/sec    0    130 KBytes       
- - - - - - - - - - - - - - - - - - - - - - - - -
[ ID] Interval           Transfer     Bandwidth       Retr
[  4]   0.00-10.00  sec   115 MBytes  96.2 Mbits/sec    0             sender
[  4]   0.00-10.00  sec   114 MBytes  95.6 Mbits/sec                  receiver

iperf Done.
results/Connecting to host 10.1.0.2, port 5201
[  4] local 10.3.0.2 port 36096 connected to 10.1.0.2 port 5201
[ ID] Interval           Transfer     Bandwidth       Retr  Cwnd
[  4]   0.00-1.00   sec  11.6 MBytes  97.0 Mbits/sec    0    139 KBytes       
[  4]   1.00-2.00   sec  11.6 MBytes  96.9 Mbits/sec    0    164 KBytes       
[  4]   2.00-3.00   sec  11.4 MBytes  95.4 Mbits/sec    0    164 KBytes       
[  4]   3.00-4.00   sec  11.4 MBytes  95.9 Mbits/sec    0    164 KBytes       
[  4]   4.00-5.00   sec  11.4 MBytes  95.4 Mbits/sec    0    164 KBytes       
[  4]   5.00-6.00   sec  11.4 MBytes  95.9 Mbits/sec    0    164 KBytes       
[  4]   6.00-7.00   sec  11.4 MBytes  95.4 Mbits/sec    0    164 KBytes       
[  4]   7.00-8.00   sec  11.4 MBytes  95.9 Mbits/sec    0    164 KBytes       
[  4]   8.00-9.00   sec  11.6 MBytes  96.9 Mbits/sec    0    379 KBytes       
[  4]   9.00-10.00  sec  11.4 MBytes  95.4 Mbits/sec    0    379 KBytes       
- - - - - - - - - - - - - - - - - - - - - - - - -
[ ID] Interval           Transfer     Bandwidth       Retr
[  4]   0.00-10.00  sec   114 MBytes  96.0 Mbits/sec    0             sender
[  4]   0.00-10.00  sec   112 MBytes  94.2 Mbits/sec                  receiver

iperf Done.
results/iperf3: error - unable to connect to server: Connection timed out
