results/Connecting to host 10.0.1.3, port 5201
[  4] local 10.3.0.3 port 37118 connected to 10.0.1.3 port 5201
[ ID] Interval           Transfer     Bandwidth       Retr  Cwnd
[  4]   0.00-1.00   sec  12.2 MBytes   102 Mbits/sec    0    132 KBytes       
[  4]   1.00-2.00   sec  11.4 MBytes  95.4 Mbits/sec    0    132 KBytes       
[  4]   2.00-3.00   sec  11.5 MBytes  96.2 Mbits/sec    0    139 KBytes       
[  4]   3.00-4.00   sec  11.4 MBytes  95.4 Mbits/sec    0    139 KBytes       
[  4]   4.00-5.00   sec  11.5 MBytes  96.4 Mbits/sec    0    151 KBytes       
[  4]   5.00-6.00   sec  11.5 MBytes  96.4 Mbits/sec    0    165 KBytes       
[  4]   6.00-7.00   sec  11.4 MBytes  95.4 Mbits/sec    0    165 KBytes       
[  4]   7.00-8.00   sec  11.4 MBytes  95.9 Mbits/sec    0    165 KBytes       
[  4]   8.00-9.00   sec  11.4 MBytes  95.4 Mbits/sec    0    165 KBytes       
[  4]   9.00-10.00  sec  11.3 MBytes  94.9 Mbits/sec    0    165 KBytes       
- - - - - - - - - - - - - - - - - - - - - - - - -
[ ID] Interval           Transfer     Bandwidth       Retr
[  4]   0.00-10.00  sec   115 MBytes  96.3 Mbits/sec    0             sender
[  4]   0.00-10.00  sec   114 MBytes  95.9 Mbits/sec                  receiver

iperf Done.
results/iperf3: error - unable to connect to server: Connection refused
results/iperf3: error - unable to connect to server: Connection timed out
