results/Connecting to host 10.0.1.2, port 5201
[  4] local 10.3.1.2 port 60546 connected to 10.0.1.2 port 5201
[ ID] Interval           Transfer     Bandwidth       Retr  Cwnd
[  4]   0.00-1.00   sec  11.8 MBytes  99.0 Mbits/sec    0    132 KBytes       
[  4]   1.00-2.00   sec  11.4 MBytes  95.4 Mbits/sec    0    132 KBytes       
[  4]   2.00-3.00   sec  11.4 MBytes  95.4 Mbits/sec    0    132 KBytes       
[  4]   3.00-4.00   sec  11.4 MBytes  95.9 Mbits/sec    0    132 KBytes       
[  4]   4.00-5.00   sec  11.4 MBytes  95.6 Mbits/sec    0    132 KBytes       
[  4]   5.00-6.00   sec  11.4 MBytes  95.4 Mbits/sec    0    132 KBytes       
[  4]   6.00-7.00   sec  11.4 MBytes  95.4 Mbits/sec    0    132 KBytes       
[  4]   7.00-8.00   sec  11.4 MBytes  95.9 Mbits/sec    0    132 KBytes       
[  4]   8.00-9.00   sec  11.3 MBytes  94.9 Mbits/sec    0    132 KBytes       
[  4]   9.00-10.00  sec  11.4 MBytes  95.8 Mbits/sec    0    132 KBytes       
- - - - - - - - - - - - - - - - - - - - - - - - -
[ ID] Interval           Transfer     Bandwidth       Retr
[  4]   0.00-10.00  sec   114 MBytes  95.9 Mbits/sec    0             sender
[  4]   0.00-10.00  sec   114 MBytes  95.6 Mbits/sec                  receiver

iperf Done.
results/iperf3: error - unable to connect to server: Connection refused
results/iperf3: error - unable to connect to server: Connection timed out
