results/Connecting to host 10.3.1.2, port 5201
[  4] local 10.0.1.2 port 36248 connected to 10.3.1.2 port 5201
[ ID] Interval           Transfer     Bandwidth       Retr  Cwnd
[  4]   0.00-1.00   sec  12.1 MBytes   101 Mbits/sec    0    165 KBytes       
[  4]   1.00-2.00   sec  11.4 MBytes  95.4 Mbits/sec    0    165 KBytes       
[  4]   2.00-3.00   sec  11.4 MBytes  95.4 Mbits/sec    0    165 KBytes       
[  4]   3.00-4.00   sec  11.4 MBytes  95.9 Mbits/sec    0    165 KBytes       
[  4]   4.00-5.00   sec  11.4 MBytes  95.4 Mbits/sec    0    165 KBytes       
[  4]   5.00-6.00   sec  11.4 MBytes  95.9 Mbits/sec    0    165 KBytes       
[  4]   6.00-7.00   sec  11.4 MBytes  95.4 Mbits/sec    0    165 KBytes       
[  4]   7.00-8.00   sec  11.4 MBytes  95.9 Mbits/sec    0    165 KBytes       
[  4]   8.00-9.00   sec  11.4 MBytes  95.4 Mbits/sec    0    165 KBytes       
[  4]   9.00-10.00  sec  11.4 MBytes  95.4 Mbits/sec    0    165 KBytes       
- - - - - - - - - - - - - - - - - - - - - - - - -
[ ID] Interval           Transfer     Bandwidth       Retr
[  4]   0.00-10.00  sec   115 MBytes  96.2 Mbits/sec    0             sender
[  4]   0.00-10.00  sec   114 MBytes  95.4 Mbits/sec                  receiver

iperf Done.
results/Connecting to host 10.3.1.2, port 5201
[  4] local 10.0.1.2 port 36456 connected to 10.3.1.2 port 5201
[ ID] Interval           Transfer     Bandwidth       Retr  Cwnd
[  4]   0.00-1.00   sec  10.2 MBytes  85.5 Mbits/sec    5    127 KBytes       
[  4]   1.00-2.00   sec  11.4 MBytes  95.4 Mbits/sec    0    127 KBytes       
[  4]   2.00-3.00   sec  11.5 MBytes  96.9 Mbits/sec    0    164 KBytes       
[  4]   3.00-4.00   sec  11.4 MBytes  95.9 Mbits/sec    0    164 KBytes       
[  4]   4.00-5.00   sec  11.4 MBytes  95.4 Mbits/sec    0    164 KBytes       
[  4]   5.00-6.00   sec  11.4 MBytes  95.4 Mbits/sec    0    173 KBytes       
[  4]   6.00-7.00   sec  11.4 MBytes  95.9 Mbits/sec    0    173 KBytes       
[  4]   7.00-8.00   sec  11.4 MBytes  95.4 Mbits/sec    0    173 KBytes       
[  4]   8.00-9.00   sec  11.4 MBytes  95.9 Mbits/sec    0    173 KBytes       
[  4]   9.00-10.00  sec  11.4 MBytes  95.7 Mbits/sec    0    173 KBytes       
- - - - - - - - - - - - - - - - - - - - - - - - -
[ ID] Interval           Transfer     Bandwidth       Retr
[  4]   0.00-10.00  sec   113 MBytes  94.7 Mbits/sec    5             sender
[  4]   0.00-10.00  sec   112 MBytes  93.9 Mbits/sec                  receiver

iperf Done.
results/iperf3: error - unable to connect to server: Connection timed out
results/iperf3: error - unable to connect to server: Connection timed out
