results/Connecting to host 10.2.1.2, port 5201
[  4] local 10.1.1.2 port 56310 connected to 10.2.1.2 port 5201
[ ID] Interval           Transfer     Bandwidth       Retr  Cwnd
[  4]   0.00-1.00   sec  11.7 MBytes  98.0 Mbits/sec    0    132 KBytes       
[  4]   1.00-2.00   sec  11.4 MBytes  95.4 Mbits/sec    0    132 KBytes       
[  4]   2.00-3.00   sec  11.4 MBytes  95.9 Mbits/sec    0    132 KBytes       
[  4]   3.00-4.00   sec  11.4 MBytes  95.4 Mbits/sec    0    132 KBytes       
[  4]   4.00-5.00   sec  11.4 MBytes  95.6 Mbits/sec    0    132 KBytes       
[  4]   5.00-6.00   sec  11.4 MBytes  95.9 Mbits/sec    0    132 KBytes       
[  4]   6.00-7.00   sec  11.1 MBytes  93.5 Mbits/sec    0    132 KBytes       
[  4]   7.00-8.00   sec  11.4 MBytes  95.4 Mbits/sec    0    132 KBytes       
[  4]   8.00-9.00   sec  11.9 MBytes  99.6 Mbits/sec    0    212 KBytes       
[  4]   9.00-10.00  sec  11.4 MBytes  95.9 Mbits/sec    0    212 KBytes       
- - - - - - - - - - - - - - - - - - - - - - - - -
[ ID] Interval           Transfer     Bandwidth       Retr
[  4]   0.00-10.00  sec   115 MBytes  96.1 Mbits/sec    0             sender
[  4]   0.00-10.00  sec   114 MBytes  95.3 Mbits/sec                  receiver

iperf Done.
results/Connecting to host 10.2.1.2, port 5201
[  4] local 10.1.1.2 port 56530 connected to 10.2.1.2 port 5201
[ ID] Interval           Transfer     Bandwidth       Retr  Cwnd
[  4]   0.00-1.00   sec  12.1 MBytes   101 Mbits/sec    1    112 KBytes       
[  4]   1.00-2.00   sec  11.3 MBytes  94.8 Mbits/sec    0    119 KBytes       
[  4]   2.00-3.00   sec  11.4 MBytes  95.6 Mbits/sec    0    124 KBytes       
[  4]   3.00-4.00   sec  11.4 MBytes  95.9 Mbits/sec    0    126 KBytes       
[  4]   4.00-5.00   sec  11.4 MBytes  95.9 Mbits/sec    0    126 KBytes       
[  4]   5.00-6.00   sec  11.4 MBytes  95.4 Mbits/sec    0    126 KBytes       
[  4]   6.00-7.00   sec  11.4 MBytes  95.9 Mbits/sec    0    126 KBytes       
[  4]   7.00-8.00   sec  11.4 MBytes  95.4 Mbits/sec    0    126 KBytes       
[  4]   8.00-9.00   sec  11.4 MBytes  95.6 Mbits/sec    0    126 KBytes       
[  4]   9.00-10.00  sec  11.6 MBytes  97.5 Mbits/sec    0    161 KBytes       
- - - - - - - - - - - - - - - - - - - - - - - - -
[ ID] Interval           Transfer     Bandwidth       Retr
[  4]   0.00-10.00  sec   115 MBytes  96.3 Mbits/sec    1             sender
[  4]   0.00-10.00  sec   114 MBytes  95.9 Mbits/sec                  receiver

iperf Done.
results/iperf3: error - unable to connect to server: Connection timed out
results/iperf3: error - unable to connect to server: Connection timed out
